Warning: Can't read link_library file 'your_library.db'. (UID-3)
Error: Could not read the following target libraries:
your_library.db 
 (UIO-3)
Information: Checking out the license 'DesignWare'. (SEC-104)
Warning: Can't read link_library file 'your_library.db'. (UID-3)
Warning: Can't read link_library file 'your_library.db'. (UID-3)
Warning: Can't read link_library file 'your_library.db'. (UID-3)
Warning: Can't read link_library file 'your_library.db'. (UID-3)
Warning: Can't read link_library file 'your_library.db'. (UID-3)
Warning: Can't read link_library file 'your_library.db'. (UID-3)
Warning: Can't read link_library file 'your_library.db'. (UID-3)
 
****************************************
Report : area
Design : LASER
Version: P-2019.03
Date   : Wed Mar 29 19:53:29 2023
****************************************

Information: Updating design information... (UID-85)
Library(s) Used:

    gtech (File: /usr/cad/synopsys/synthesis/cur/libraries/syn/gtech.db)

Number of ports:                         6405
Number of nets:                         16638
Number of cells:                         9767
Number of combinational cells:           7336
Number of sequential cells:              1657
Number of macros/black boxes:               0
Number of buf/inv:                       2765
Number of references:                      27

Combinational area:                  0.000000
Buf/Inv area:                        0.000000
Noncombinational area:               0.000000
Macro/Black Box area:                0.000000
Net Interconnect area:      undefined  (No wire load specified)

Total cell area:                     0.000000
Total area:                 undefined

Information: This design contains unmapped logic. (RPT-7)
1
