 
****************************************
Report : area
Design : CONV
Version: P-2019.03
Date   : Sat Sep 30 14:27:08 2023
****************************************

Library(s) Used:

    slow (File: /usr/cad/CBDK/CBDK_IC_Contest_v2.1/SynopsysDC/db/slow.db)

Number of ports:                          105
Number of nets:                          1891
Number of cells:                         1613
Number of combinational cells:           1477
Number of sequential cells:               135
Number of macros/black boxes:               0
Number of buf/inv:                        244
Number of references:                     104

Combinational area:              16145.668676
Buf/Inv area:                     1682.123386
Noncombinational area:            4491.320267
Macro/Black Box area:                0.000000
Net Interconnect area:          202114.337280

Total cell area:                 20636.988942
Total area:                     222751.326223
1
